<?xml version="1.0" encoding="UTF-8"?>
<!-- Generated by org.testng.reporters.JUnitReportReporter -->
<testsuite hostname="LAPTOP-HHUMO6R2" failures="0" tests="3" name="frameworkPracticeTestNG.Class4" time="0.003" errors="0" timestamp="2021-05-19T20:57:15 IST" skipped="0">
  <testcase classname="frameworkPracticeTestNG.Class4" name="apiwebLogout" time="0.001"/>
  <system-out/>
  <testcase classname="frameworkPracticeTestNG.Class4" name="mobileLogout" time="0.001"/>
  <system-out/>
  <testcase classname="frameworkPracticeTestNG.Class4" name="mobileLogoutSignout" time="0.001"/>
  <system-out/>
</testsuite> <!-- frameworkPracticeTestNG.Class4 -->
