<?xml version="1.0" encoding="UTF-8"?>
<!-- Generated by org.testng.reporters.JUnitReportReporter -->
<testsuite hostname="LAPTOP-HHUMO6R2" failures="0" tests="5" name="frameworkPracticeTestNG.Class1" time="0.011" errors="0" timestamp="2021-05-19T20:57:15 IST" skipped="0">
  <testcase classname="frameworkPracticeTestNG.Class1" name="deleteData" time="0.004"/>
  <system-out/>
  <testcase classname="frameworkPracticeTestNG.Class1" name="firstTest" time="0.001"/>
  <system-out/>
  <testcase classname="frameworkPracticeTestNG.Class1" name="secondTest" time="0.002"/>
  <system-out/>
  <testcase classname="frameworkPracticeTestNG.Class1" name="secondTest" time="0.002"/>
  <system-out/>
  <testcase classname="frameworkPracticeTestNG.Class1" name="secondTest" time="0.002"/>
  <system-out/>
</testsuite> <!-- frameworkPracticeTestNG.Class1 -->
