<?xml version="1.0" encoding="UTF-8"?>
<!-- Generated by org.testng.reporters.JUnitReportReporter -->
<testsuite hostname="LAPTOP-HHUMO6R2" failures="0" tests="3" name="frameworkPracticeTestNG.Class3" time="0.002" errors="0" timestamp="2021-05-19T20:57:15 IST" skipped="1">
  <testcase classname="frameworkPracticeTestNG.Class3" name="webLogin" time="0.001"/>
  <system-out/>
  <testcase classname="frameworkPracticeTestNG.Class3" name="apiwebLogin" time="0.001"/>
  <system-out/>
  <testcase classname="frameworkPracticeTestNG.Class3" name="mobileLogin">
    <skipped/>
  </testcase> <!-- mobileLogin -->
  <system-out/>
</testsuite> <!-- frameworkPracticeTestNG.Class3 -->
