<?xml version="1.0" encoding="UTF-8"?>
<!-- Generated by org.testng.reporters.JUnitReportReporter -->
<testsuite hostname="LAPTOP-HHUMO6R2" failures="0" tests="1" name="SeleniumPractice.VeggiesFromTestNG" time="0.002" errors="0" timestamp="2021-05-19T14:46:46 IST" skipped="0">
  <testcase classname="SeleniumPractice.VeggiesFromTestNG" name="orderVeggies" time="0.002"/>
  <system-out/>
</testsuite> <!-- SeleniumPractice.VeggiesFromTestNG -->
