<?xml version="1.0" encoding="UTF-8"?>
<!-- Generated by org.testng.reporters.JUnitReportReporter -->
<testsuite hostname="LAPTOP-HHUMO6R2" failures="0" tests="4" name="frameworkPracticeTestNG.Class2" time="0.006" errors="0" timestamp="2021-05-19T20:57:15 IST" skipped="0">
  <testcase classname="frameworkPracticeTestNG.Class2" name="thirdTest" time="0.002"/>
  <system-out/>
  <testcase classname="frameworkPracticeTestNG.Class2" name="thirdTest" time="0.002"/>
  <system-out/>
  <testcase classname="frameworkPracticeTestNG.Class2" name="thirdTest" time="0.001"/>
  <system-out/>
  <testcase classname="frameworkPracticeTestNG.Class2" name="thirdTest" time="0.001"/>
  <system-out/>
</testsuite> <!-- frameworkPracticeTestNG.Class2 -->
